<?xml version="1.0" encoding="UTF-8"?>
<testsuite name="test" tests="1" skipped="0" failures="0" errors="0" timestamp="2019-11-17T22:14:43" hostname="Asfand-PC" time="0.0">
  <properties/>
  <testcase name="testrun" classname="test" time="0.0"/>
  <system-out><![CDATA[]]></system-out>
  <system-err><![CDATA[]]></system-err>
</testsuite>
